<?xml version="1.0" encoding="UTF-8"?>
<!-- Generated by org.testng.reporters.JUnitReportReporter -->
<testsuite hostname="DESKTOP-2O0K76M" failures="0" tests="1" name="org.MobileAutomation.AndroidAutomationProject.GuruProject" time="0.005" errors="0" timestamp="2023-10-25T23:32:13 EET" skipped="0">
  <testcase classname="org.MobileAutomation.AndroidAutomationProject.GuruProject" name="Mytest" time="0.005"/>
</testsuite> <!-- org.MobileAutomation.AndroidAutomationProject.GuruProject -->
