<?xml version="1.0" encoding="UTF-8"?>
<!-- Generated by org.testng.reporters.JUnitReportReporter -->
<testsuite hostname="DESKTOP-2O0K76M" failures="0" tests="1" name="org.MobileAutomation.AndroidAutomationProject.eCommerceTestCase_3" time="27.205" errors="0" timestamp="2023-10-27T01:52:52 EET" skipped="0">
  <testcase classname="org.MobileAutomation.AndroidAutomationProject.eCommerceTestCase_3" name="verifyEmptyCartError" time="27.205"/>
</testsuite> <!-- org.MobileAutomation.AndroidAutomationProject.eCommerceTestCase_3 -->
